2023-09-17 01:51:00,710 INFO c.a.B.BookReviewMavApplication [restartedMain] Starting BookReviewMavApplication using Java 17.0.7 with PID 15112 (C:\Users\oluwaseyi.akinbobola\Desktop\Java Projects\BookReviewMav\target\classes started by Oluwaseyi.Akinbobola in C:\Users\oluwaseyi.akinbobola\Desktop\Java Projects\BookReviewMav)
2023-09-17 01:51:00,711 DEBUG c.a.B.BookReviewMavApplication [restartedMain] Running with Spring Boot v3.1.2, Spring v6.0.11
2023-09-17 01:51:00,711 INFO c.a.B.BookReviewMavApplication [restartedMain] The following 1 profile is active: "BookReviewMav"
2023-09-17 01:51:00,775 INFO o.s.b.d.e.DevToolsPropertyDefaultsPostProcessor [restartedMain] Devtools property defaults active! Set 'spring.devtools.add-properties' to 'false' to disable
2023-09-17 01:51:00,776 INFO o.s.b.d.e.DevToolsPropertyDefaultsPostProcessor [restartedMain] For additional web related logging consider setting the 'logging.level.web' property to 'DEBUG'
2023-09-17 01:51:01,912 INFO o.s.d.r.c.RepositoryConfigurationDelegate [restartedMain] Bootstrapping Spring Data JPA repositories in DEFAULT mode.
2023-09-17 01:51:02,007 INFO o.s.d.r.c.RepositoryConfigurationDelegate [restartedMain] Finished Spring Data repository scanning in 85 ms. Found 5 JPA repository interfaces.
2023-09-17 01:51:02,845 INFO o.s.b.w.e.t.TomcatWebServer [restartedMain] Tomcat initialized with port(s): 8084 (http)
2023-09-17 01:51:02,858 INFO o.a.c.h.Http11NioProtocol [restartedMain] Initializing ProtocolHandler ["http-nio-8084"]
2023-09-17 01:51:02,863 INFO o.a.c.c.StandardService [restartedMain] Starting service [Tomcat]
2023-09-17 01:51:02,863 INFO o.a.c.c.StandardEngine [restartedMain] Starting Servlet engine: [Apache Tomcat/10.1.11]
2023-09-17 01:51:02,960 INFO o.a.c.c.C.[.[.[/] [restartedMain] Initializing Spring embedded WebApplicationContext
2023-09-17 01:51:02,962 INFO o.s.b.w.s.c.ServletWebServerApplicationContext [restartedMain] Root WebApplicationContext: initialization completed in 2186 ms
2023-09-17 01:51:03,169 INFO o.h.j.i.u.LogHelper [restartedMain] HHH000204: Processing PersistenceUnitInfo [name: default]
2023-09-17 01:51:03,233 INFO o.h.Version [restartedMain] HHH000412: Hibernate ORM core version 6.2.6.Final
2023-09-17 01:51:03,235 INFO o.h.c.Environment [restartedMain] HHH000406: Using bytecode reflection optimizer
2023-09-17 01:51:03,396 INFO o.h.b.i.BytecodeProviderInitiator [restartedMain] HHH000021: Bytecode provider name : bytebuddy
2023-09-17 01:51:03,547 INFO o.s.o.j.p.SpringPersistenceUnitInfo [restartedMain] No LoadTimeWeaver setup: ignoring JPA class transformer
2023-09-17 01:51:03,567 INFO c.z.h.HikariDataSource [restartedMain] HikariPool-1 - Starting...
2023-09-17 01:51:03,945 INFO c.z.h.p.HikariPool [restartedMain] HikariPool-1 - Added connection com.mysql.cj.jdbc.ConnectionImpl@7f967651
2023-09-17 01:51:03,947 INFO c.z.h.HikariDataSource [restartedMain] HikariPool-1 - Start completed.
2023-09-17 01:51:04,342 INFO o.h.b.i.BytecodeProviderInitiator [restartedMain] HHH000021: Bytecode provider name : bytebuddy
2023-09-17 01:51:05,061 INFO o.h.e.t.j.p.i.JtaPlatformInitiator [restartedMain] HHH000490: Using JtaPlatform implementation: [org.hibernate.engine.transaction.jta.platform.internal.NoJtaPlatform]
2023-09-17 01:51:05,513 INFO o.s.o.j.LocalContainerEntityManagerFactoryBean [restartedMain] Initialized JPA EntityManagerFactory for persistence unit 'default'
2023-09-17 01:51:06,301 WARN o.s.b.a.o.j.JpaBaseConfiguration$JpaWebConfiguration [restartedMain] spring.jpa.open-in-view is enabled by default. Therefore, database queries may be performed during view rendering. Explicitly configure spring.jpa.open-in-view to disable this warning
2023-09-17 01:51:07,068 INFO o.s.s.w.DefaultSecurityFilterChain [restartedMain] Will secure any request with [org.springframework.security.web.session.DisableEncodeUrlFilter@3fb9cd66, org.springframework.security.web.context.request.async.WebAsyncManagerIntegrationFilter@2bf5b0d2, org.springframework.security.web.context.SecurityContextHolderFilter@15c530c5, org.springframework.security.web.header.HeaderWriterFilter@5f017082, org.springframework.web.filter.CorsFilter@7412bca4, org.springframework.security.web.authentication.logout.LogoutFilter@3ad61261, org.springframework.security.web.authentication.www.BasicAuthenticationFilter@4d0b2a61, org.springframework.security.web.savedrequest.RequestCacheAwareFilter@745e121e, org.springframework.security.web.servletapi.SecurityContextHolderAwareRequestFilter@4cb77c4c, org.springframework.security.web.authentication.AnonymousAuthenticationFilter@32d9340a, org.springframework.security.web.access.ExceptionTranslationFilter@27d0efc1, org.springframework.security.web.access.intercept.AuthorizationFilter@54348983]
2023-09-17 01:51:07,439 WARN o.s.b.d.a.OptionalLiveReloadServer [restartedMain] Unable to start LiveReload server
2023-09-17 01:51:07,451 INFO o.a.c.h.Http11NioProtocol [restartedMain] Starting ProtocolHandler ["http-nio-8084"]
2023-09-17 01:51:07,480 INFO o.s.b.w.e.t.TomcatWebServer [restartedMain] Tomcat started on port(s): 8084 (http) with context path ''
2023-09-17 01:51:07,492 INFO c.a.B.BookReviewMavApplication [restartedMain] Started BookReviewMavApplication in 7.275 seconds (process running for 8.475)
2023-09-17 02:37:48,527 INFO o.s.o.j.LocalContainerEntityManagerFactoryBean [SpringApplicationShutdownHook] Closing JPA EntityManagerFactory for persistence unit 'default'
2023-09-17 02:37:48,673 INFO c.z.h.HikariDataSource [SpringApplicationShutdownHook] HikariPool-1 - Shutdown initiated...
2023-09-17 02:37:48,729 INFO c.z.h.HikariDataSource [SpringApplicationShutdownHook] HikariPool-1 - Shutdown completed.
